[2012-03-15 09:42:55] security.INFO: Populated SecurityContext with an anonymous Token [] []
[2012-03-15 09:42:55] request.ERROR: Symfony\Component\HttpKernel\Exception\NotFoundHttpException: No route found for "GET /" (uncaught exception) at C:\xampp\htdocs\ksiazki\symfo2\przyklady\cz-9\42-01\symfony2-customized-v5\vendor\symfony\src\Symfony\Bundle\FrameworkBundle\EventListener\RouterListener.php line 83 [] []
[2012-03-15 09:47:32] security.INFO: Populated SecurityContext with an anonymous Token [] []
[2012-03-15 09:47:33] request.ERROR: Symfony\Component\HttpKernel\Exception\NotFoundHttpException: No route found for "GET /bundles/sonatajquery/jquery-ui-1.8.17.js" (uncaught exception) at C:\xampp\htdocs\ksiazki\symfo2\przyklady\cz-9\42-01\symfony2-customized-v5\vendor\symfony\src\Symfony\Bundle\FrameworkBundle\EventListener\RouterListener.php line 83 [] []
[2012-03-15 09:47:33] security.INFO: Populated SecurityContext with an anonymous Token [] []
[2012-03-15 09:47:33] request.ERROR: Symfony\Component\HttpKernel\Exception\NotFoundHttpException: No route found for "GET /bundles/sonatajquery/themes/flick/jquery-ui-1.8.16.custom.css" (uncaught exception) at C:\xampp\htdocs\ksiazki\symfo2\przyklady\cz-9\42-01\symfony2-customized-v5\vendor\symfony\src\Symfony\Bundle\FrameworkBundle\EventListener\RouterListener.php line 83 [] []
[2012-03-15 09:47:34] security.INFO: Populated SecurityContext with an anonymous Token [] []
[2012-03-15 09:47:34] request.ERROR: Symfony\Component\HttpKernel\Exception\NotFoundHttpException: No route found for "GET /bundles/sonataadmin/css/layout.css" (uncaught exception) at C:\xampp\htdocs\ksiazki\symfo2\przyklady\cz-9\42-01\symfony2-customized-v5\vendor\symfony\src\Symfony\Bundle\FrameworkBundle\EventListener\RouterListener.php line 83 [] []
[2012-03-15 09:47:39] security.INFO: Populated SecurityContext with an anonymous Token [] []
[2012-03-15 09:47:39] request.ERROR: Symfony\Component\HttpKernel\Exception\NotFoundHttpException: No route found for "GET /bundles/sonataadmin/bootstrap/bootstrap.min.css" (uncaught exception) at C:\xampp\htdocs\ksiazki\symfo2\przyklady\cz-9\42-01\symfony2-customized-v5\vendor\symfony\src\Symfony\Bundle\FrameworkBundle\EventListener\RouterListener.php line 83 [] []
[2012-03-15 09:47:41] security.INFO: Populated SecurityContext with an anonymous Token [] []
[2012-03-15 09:47:41] request.ERROR: Symfony\Component\HttpKernel\Exception\NotFoundHttpException: No route found for "GET /bundles/sonatajquery/jquery-ui-i18n.js" (uncaught exception) at C:\xampp\htdocs\ksiazki\symfo2\przyklady\cz-9\42-01\symfony2-customized-v5\vendor\symfony\src\Symfony\Bundle\FrameworkBundle\EventListener\RouterListener.php line 83 [] []
[2012-03-15 09:47:43] security.INFO: Populated SecurityContext with an anonymous Token [] []
[2012-03-15 09:47:43] request.ERROR: Symfony\Component\HttpKernel\Exception\NotFoundHttpException: No route found for "GET /bundles/sonataadmin/bootstrap/js/bootstrap-alerts.js" (uncaught exception) at C:\xampp\htdocs\ksiazki\symfo2\przyklady\cz-9\42-01\symfony2-customized-v5\app\cache\prod\classes.php line 4564 [] []
[2012-03-15 09:47:44] security.INFO: Populated SecurityContext with an anonymous Token [] []
[2012-03-15 09:47:44] request.ERROR: Symfony\Component\HttpKernel\Exception\NotFoundHttpException: No route found for "GET /bundles/sonataadmin/bootstrap/js/bootstrap-tabs.js" (uncaught exception) at C:\xampp\htdocs\ksiazki\symfo2\przyklady\cz-9\42-01\symfony2-customized-v5\vendor\symfony\src\Symfony\Bundle\FrameworkBundle\EventListener\RouterListener.php line 83 [] []
[2012-03-15 09:47:44] security.INFO: Populated SecurityContext with an anonymous Token [] []
[2012-03-15 09:47:44] request.ERROR: Symfony\Component\HttpKernel\Exception\NotFoundHttpException: No route found for "GET /bundles/sonataadmin/bootstrap/js/bootstrap-twipsy.js" (uncaught exception) at C:\xampp\htdocs\ksiazki\symfo2\przyklady\cz-9\42-01\symfony2-customized-v5\app\cache\prod\classes.php line 4564 [] []
[2012-03-15 09:47:45] security.INFO: Populated SecurityContext with an anonymous Token [] []
[2012-03-15 09:47:45] request.ERROR: Symfony\Component\HttpKernel\Exception\NotFoundHttpException: No route found for "GET /bundles/sonataadmin/bootstrap/js/bootstrap-modal.js" (uncaught exception) at C:\xampp\htdocs\ksiazki\symfo2\przyklady\cz-9\42-01\symfony2-customized-v5\app\cache\prod\classes.php line 4564 [] []
[2012-03-15 09:47:47] security.INFO: Populated SecurityContext with an anonymous Token [] []
[2012-03-15 09:47:47] request.ERROR: Symfony\Component\HttpKernel\Exception\NotFoundHttpException: No route found for "GET /bundles/sonataadmin/bootstrap/js/bootstrap-popover.js" (uncaught exception) at C:\xampp\htdocs\ksiazki\symfo2\przyklady\cz-9\42-01\symfony2-customized-v5\app\cache\prod\classes.php line 4564 [] []
[2012-03-15 09:47:47] security.INFO: Populated SecurityContext with an anonymous Token [] []
[2012-03-15 09:47:47] request.ERROR: Symfony\Component\HttpKernel\Exception\NotFoundHttpException: No route found for "GET /bundles/sonataadmin/bootstrap/js/bootstrap-scrollspy.js" (uncaught exception) at C:\xampp\htdocs\ksiazki\symfo2\przyklady\cz-9\42-01\symfony2-customized-v5\app\cache\prod\classes.php line 4564 [] []
[2012-03-15 09:47:48] security.INFO: Populated SecurityContext with an anonymous Token [] []
[2012-03-15 09:47:48] request.ERROR: Symfony\Component\HttpKernel\Exception\NotFoundHttpException: No route found for "GET /bundles/sonataadmin/bootstrap/js/bootstrap-dropdown.js" (uncaught exception) at C:\xampp\htdocs\ksiazki\symfo2\przyklady\cz-9\42-01\symfony2-customized-v5\app\cache\prod\classes.php line 4564 [] []
[2012-03-15 09:47:50] security.INFO: Populated SecurityContext with an anonymous Token [] []
[2012-03-15 09:47:50] request.ERROR: Symfony\Component\HttpKernel\Exception\NotFoundHttpException: No route found for "GET /bundles/sonataadmin/qtip/jquery.qtip-1.0.0-rc3.min.js" (uncaught exception) at C:\xampp\htdocs\ksiazki\symfo2\przyklady\cz-9\42-01\symfony2-customized-v5\app\cache\prod\classes.php line 4564 [] []
[2012-03-15 09:47:50] security.INFO: Populated SecurityContext with an anonymous Token [] []
[2012-03-15 09:47:51] request.ERROR: Symfony\Component\HttpKernel\Exception\NotFoundHttpException: No route found for "GET /bundles/sonataadmin/jquery/jquery.form.js" (uncaught exception) at C:\xampp\htdocs\ksiazki\symfo2\przyklady\cz-9\42-01\symfony2-customized-v5\app\cache\prod\classes.php line 4564 [] []
[2012-03-15 09:47:51] security.INFO: Populated SecurityContext with an anonymous Token [] []
[2012-03-15 09:47:51] request.ERROR: Symfony\Component\HttpKernel\Exception\NotFoundHttpException: No route found for "GET /bundles/sonataadmin/base.js" (uncaught exception) at C:\xampp\htdocs\ksiazki\symfo2\przyklady\cz-9\42-01\symfony2-customized-v5\app\cache\prod\classes.php line 4564 [] []
[2012-03-15 09:47:52] security.INFO: Populated SecurityContext with an anonymous Token [] []
[2012-03-15 09:47:52] request.ERROR: Symfony\Component\HttpKernel\Exception\NotFoundHttpException: No route found for "GET /bundles/sonataadmin/logo_title.png" (uncaught exception) at C:\xampp\htdocs\ksiazki\symfo2\przyklady\cz-9\42-01\symfony2-customized-v5\app\cache\prod\classes.php line 4564 [] []
[2012-03-15 09:47:54] security.INFO: Populated SecurityContext with an anonymous Token [] []
[2012-03-15 09:47:54] request.ERROR: Symfony\Component\HttpKernel\Exception\NotFoundHttpException: No route found for "GET /bundles/sonatajquery/jquery-1.7.1.js" (uncaught exception) at C:\xampp\htdocs\ksiazki\symfo2\przyklady\cz-9\42-01\symfony2-customized-v5\vendor\symfony\src\Symfony\Bundle\FrameworkBundle\EventListener\RouterListener.php line 83 [] []
[2012-03-15 09:47:54] security.INFO: Populated SecurityContext with an anonymous Token [] []
[2012-03-15 09:47:54] request.ERROR: Symfony\Component\HttpKernel\Exception\NotFoundHttpException: No route found for "GET /bundles/sonataadmin/css/colors.css" (uncaught exception) at C:\xampp\htdocs\ksiazki\symfo2\przyklady\cz-9\42-01\symfony2-customized-v5\vendor\symfony\src\Symfony\Bundle\FrameworkBundle\EventListener\RouterListener.php line 83 [] []
[2012-03-15 09:47:55] security.INFO: Populated SecurityContext with an anonymous Token [] []
[2012-03-15 09:47:55] request.ERROR: Symfony\Component\HttpKernel\Exception\NotFoundHttpException: No route found for "GET /bundles/sonatajquery/jquery-ui-1.8.17.js" (uncaught exception) at C:\xampp\htdocs\ksiazki\symfo2\przyklady\cz-9\42-01\symfony2-customized-v5\app\cache\prod\classes.php line 4564 [] []
[2012-03-15 09:47:55] security.INFO: Populated SecurityContext with an anonymous Token [] []
[2012-03-15 09:47:55] request.ERROR: Symfony\Component\HttpKernel\Exception\NotFoundHttpException: No route found for "GET /bundles/sonatajquery/jquery-ui-i18n.js" (uncaught exception) at C:\xampp\htdocs\ksiazki\symfo2\przyklady\cz-9\42-01\symfony2-customized-v5\app\cache\prod\classes.php line 4564 [] []
[2012-03-15 09:47:57] security.INFO: Populated SecurityContext with an anonymous Token [] []
[2012-03-15 09:47:57] request.ERROR: Symfony\Component\HttpKernel\Exception\NotFoundHttpException: No route found for "GET /bundles/sonataadmin/bootstrap/js/bootstrap-tabs.js" (uncaught exception) at C:\xampp\htdocs\ksiazki\symfo2\przyklady\cz-9\42-01\symfony2-customized-v5\app\cache\prod\classes.php line 4564 [] []
[2012-03-15 09:47:57] security.INFO: Populated SecurityContext with an anonymous Token [] []
[2012-03-15 09:47:57] request.ERROR: Symfony\Component\HttpKernel\Exception\NotFoundHttpException: No route found for "GET /bundles/sonataadmin/bootstrap/js/bootstrap-alerts.js" (uncaught exception) at C:\xampp\htdocs\ksiazki\symfo2\przyklady\cz-9\42-01\symfony2-customized-v5\app\cache\prod\classes.php line 4564 [] []
[2012-03-15 09:47:58] security.INFO: Populated SecurityContext with an anonymous Token [] []
[2012-03-15 09:47:58] request.ERROR: Symfony\Component\HttpKernel\Exception\NotFoundHttpException: No route found for "GET /bundles/sonataadmin/bootstrap/js/bootstrap-modal.js" (uncaught exception) at C:\xampp\htdocs\ksiazki\symfo2\przyklady\cz-9\42-01\symfony2-customized-v5\app\cache\prod\classes.php line 4564 [] []
[2012-03-15 09:47:59] security.INFO: Populated SecurityContext with an anonymous Token [] []
[2012-03-15 09:47:59] request.ERROR: Symfony\Component\HttpKernel\Exception\NotFoundHttpException: No route found for "GET /bundles/sonataadmin/bootstrap/js/bootstrap-twipsy.js" (uncaught exception) at C:\xampp\htdocs\ksiazki\symfo2\przyklady\cz-9\42-01\symfony2-customized-v5\app\cache\prod\classes.php line 4564 [] []
[2012-03-15 09:48:00] security.INFO: Populated SecurityContext with an anonymous Token [] []
[2012-03-15 09:48:00] request.ERROR: Symfony\Component\HttpKernel\Exception\NotFoundHttpException: No route found for "GET /bundles/sonataadmin/bootstrap/js/bootstrap-popover.js" (uncaught exception) at C:\xampp\htdocs\ksiazki\symfo2\przyklady\cz-9\42-01\symfony2-customized-v5\app\cache\prod\classes.php line 4564 [] []
[2012-03-15 09:48:00] security.INFO: Populated SecurityContext with an anonymous Token [] []
[2012-03-15 09:48:01] request.ERROR: Symfony\Component\HttpKernel\Exception\NotFoundHttpException: No route found for "GET /bundles/sonataadmin/bootstrap/js/bootstrap-scrollspy.js" (uncaught exception) at C:\xampp\htdocs\ksiazki\symfo2\przyklady\cz-9\42-01\symfony2-customized-v5\app\cache\prod\classes.php line 4564 [] []
[2012-03-15 09:48:02] security.INFO: Populated SecurityContext with an anonymous Token [] []
[2012-03-15 09:48:02] request.ERROR: Symfony\Component\HttpKernel\Exception\NotFoundHttpException: No route found for "GET /bundles/sonataadmin/bootstrap/js/bootstrap-dropdown.js" (uncaught exception) at C:\xampp\htdocs\ksiazki\symfo2\przyklady\cz-9\42-01\symfony2-customized-v5\app\cache\prod\classes.php line 4564 [] []
[2012-03-15 09:48:02] security.INFO: Populated SecurityContext with an anonymous Token [] []
[2012-03-15 09:48:02] request.ERROR: Symfony\Component\HttpKernel\Exception\NotFoundHttpException: No route found for "GET /bundles/sonataadmin/qtip/jquery.qtip-1.0.0-rc3.min.js" (uncaught exception) at C:\xampp\htdocs\ksiazki\symfo2\przyklady\cz-9\42-01\symfony2-customized-v5\app\cache\prod\classes.php line 4564 [] []
[2012-03-15 09:48:04] security.INFO: Populated SecurityContext with an anonymous Token [] []
[2012-03-15 09:48:04] request.ERROR: Symfony\Component\HttpKernel\Exception\NotFoundHttpException: No route found for "GET /bundles/sonataadmin/jquery/jquery.form.js" (uncaught exception) at C:\xampp\htdocs\ksiazki\symfo2\przyklady\cz-9\42-01\symfony2-customized-v5\app\cache\prod\classes.php line 4564 [] []
[2012-03-15 09:48:04] security.INFO: Populated SecurityContext with an anonymous Token [] []
[2012-03-15 09:48:04] request.ERROR: Symfony\Component\HttpKernel\Exception\NotFoundHttpException: No route found for "GET /bundles/sonataadmin/base.js" (uncaught exception) at C:\xampp\htdocs\ksiazki\symfo2\przyklady\cz-9\42-01\symfony2-customized-v5\app\cache\prod\classes.php line 4564 [] []
[2012-03-15 09:48:05] security.INFO: Populated SecurityContext with an anonymous Token [] []
[2012-03-15 09:48:05] request.ERROR: Symfony\Component\HttpKernel\Exception\NotFoundHttpException: No route found for "GET /bundles/sonataadmin/logo_title.png" (uncaught exception) at C:\xampp\htdocs\ksiazki\symfo2\przyklady\cz-9\42-01\symfony2-customized-v5\app\cache\prod\classes.php line 4564 [] []
[2012-03-15 09:48:20] security.INFO: Populated SecurityContext with an anonymous Token [] []
[2012-03-15 09:48:20] request.ERROR: Symfony\Component\HttpKernel\Exception\NotFoundHttpException: No route found for "GET /bundles/sonatajquery/themes/flick/jquery-ui-1.8.16.custom.css" (uncaught exception) at C:\xampp\htdocs\ksiazki\symfo2\przyklady\cz-9\42-01\symfony2-customized-v5\app\cache\prod\classes.php line 4564 [] []
[2012-03-15 09:48:20] security.INFO: Populated SecurityContext with an anonymous Token [] []
[2012-03-15 09:48:20] request.ERROR: Symfony\Component\HttpKernel\Exception\NotFoundHttpException: No route found for "GET /bundles/sonatajquery/jquery-ui-1.8.17.js" (uncaught exception) at C:\xampp\htdocs\ksiazki\symfo2\przyklady\cz-9\42-01\symfony2-customized-v5\app\cache\prod\classes.php line 4564 [] []
[2012-03-15 09:48:21] security.INFO: Populated SecurityContext with an anonymous Token [] []
[2012-03-15 09:48:21] request.ERROR: Symfony\Component\HttpKernel\Exception\NotFoundHttpException: No route found for "GET /bundles/sonatajquery/jquery-1.7.1.js" (uncaught exception) at C:\xampp\htdocs\ksiazki\symfo2\przyklady\cz-9\42-01\symfony2-customized-v5\app\cache\prod\classes.php line 4564 [] []
[2012-03-15 09:48:21] security.INFO: Populated SecurityContext with an anonymous Token [] []
[2012-03-15 09:48:21] request.ERROR: Symfony\Component\HttpKernel\Exception\NotFoundHttpException: No route found for "GET /bundles/sonataadmin/css/colors.css" (uncaught exception) at C:\xampp\htdocs\ksiazki\symfo2\przyklady\cz-9\42-01\symfony2-customized-v5\app\cache\prod\classes.php line 4564 [] []
[2012-03-15 09:48:21] security.INFO: Populated SecurityContext with an anonymous Token [] []
[2012-03-15 09:48:21] request.ERROR: Symfony\Component\HttpKernel\Exception\NotFoundHttpException: No route found for "GET /bundles/sonataadmin/bootstrap/bootstrap.min.css" (uncaught exception) at C:\xampp\htdocs\ksiazki\symfo2\przyklady\cz-9\42-01\symfony2-customized-v5\app\cache\prod\classes.php line 4564 [] []
[2012-03-15 09:48:21] security.INFO: Populated SecurityContext with an anonymous Token [] []
[2012-03-15 09:48:21] request.ERROR: Symfony\Component\HttpKernel\Exception\NotFoundHttpException: No route found for "GET /bundles/sonataadmin/css/layout.css" (uncaught exception) at C:\xampp\htdocs\ksiazki\symfo2\przyklady\cz-9\42-01\symfony2-customized-v5\app\cache\prod\classes.php line 4564 [] []
[2012-03-15 09:48:22] security.INFO: Populated SecurityContext with an anonymous Token [] []
[2012-03-15 09:48:22] request.ERROR: Symfony\Component\HttpKernel\Exception\NotFoundHttpException: No route found for "GET /bundles/sonatajquery/jquery-ui-i18n.js" (uncaught exception) at C:\xampp\htdocs\ksiazki\symfo2\przyklady\cz-9\42-01\symfony2-customized-v5\app\cache\prod\classes.php line 4564 [] []
[2012-03-15 09:48:22] security.INFO: Populated SecurityContext with an anonymous Token [] []
[2012-03-15 09:48:22] request.ERROR: Symfony\Component\HttpKernel\Exception\NotFoundHttpException: No route found for "GET /bundles/sonataadmin/bootstrap/js/bootstrap-tabs.js" (uncaught exception) at C:\xampp\htdocs\ksiazki\symfo2\przyklady\cz-9\42-01\symfony2-customized-v5\app\cache\prod\classes.php line 4564 [] []
[2012-03-15 09:48:22] security.INFO: Populated SecurityContext with an anonymous Token [] []
[2012-03-15 09:48:22] request.ERROR: Symfony\Component\HttpKernel\Exception\NotFoundHttpException: No route found for "GET /bundles/sonataadmin/bootstrap/js/bootstrap-alerts.js" (uncaught exception) at C:\xampp\htdocs\ksiazki\symfo2\przyklady\cz-9\42-01\symfony2-customized-v5\app\cache\prod\classes.php line 4564 [] []
[2012-03-15 09:48:22] security.INFO: Populated SecurityContext with an anonymous Token [] []
[2012-03-15 09:48:22] request.ERROR: Symfony\Component\HttpKernel\Exception\NotFoundHttpException: No route found for "GET /bundles/sonataadmin/bootstrap/js/bootstrap-modal.js" (uncaught exception) at C:\xampp\htdocs\ksiazki\symfo2\przyklady\cz-9\42-01\symfony2-customized-v5\app\cache\prod\classes.php line 4564 [] []
[2012-03-15 09:48:23] security.INFO: Populated SecurityContext with an anonymous Token [] []
[2012-03-15 09:48:23] request.ERROR: Symfony\Component\HttpKernel\Exception\NotFoundHttpException: No route found for "GET /bundles/sonataadmin/bootstrap/js/bootstrap-twipsy.js" (uncaught exception) at C:\xampp\htdocs\ksiazki\symfo2\przyklady\cz-9\42-01\symfony2-customized-v5\app\cache\prod\classes.php line 4564 [] []
[2012-03-15 09:48:23] security.INFO: Populated SecurityContext with an anonymous Token [] []
[2012-03-15 09:48:23] request.ERROR: Symfony\Component\HttpKernel\Exception\NotFoundHttpException: No route found for "GET /bundles/sonataadmin/bootstrap/js/bootstrap-popover.js" (uncaught exception) at C:\xampp\htdocs\ksiazki\symfo2\przyklady\cz-9\42-01\symfony2-customized-v5\app\cache\prod\classes.php line 4564 [] []
[2012-03-15 09:48:23] security.INFO: Populated SecurityContext with an anonymous Token [] []
[2012-03-15 09:48:23] request.ERROR: Symfony\Component\HttpKernel\Exception\NotFoundHttpException: No route found for "GET /bundles/sonataadmin/bootstrap/js/bootstrap-scrollspy.js" (uncaught exception) at C:\xampp\htdocs\ksiazki\symfo2\przyklady\cz-9\42-01\symfony2-customized-v5\app\cache\prod\classes.php line 4564 [] []
[2012-03-15 09:48:24] security.INFO: Populated SecurityContext with an anonymous Token [] []
[2012-03-15 09:48:24] request.ERROR: Symfony\Component\HttpKernel\Exception\NotFoundHttpException: No route found for "GET /bundles/sonataadmin/bootstrap/js/bootstrap-dropdown.js" (uncaught exception) at C:\xampp\htdocs\ksiazki\symfo2\przyklady\cz-9\42-01\symfony2-customized-v5\app\cache\prod\classes.php line 4564 [] []
[2012-03-15 09:48:24] security.INFO: Populated SecurityContext with an anonymous Token [] []
[2012-03-15 09:48:24] request.ERROR: Symfony\Component\HttpKernel\Exception\NotFoundHttpException: No route found for "GET /bundles/sonataadmin/qtip/jquery.qtip-1.0.0-rc3.min.js" (uncaught exception) at C:\xampp\htdocs\ksiazki\symfo2\przyklady\cz-9\42-01\symfony2-customized-v5\app\cache\prod\classes.php line 4564 [] []
[2012-03-15 09:48:24] security.INFO: Populated SecurityContext with an anonymous Token [] []
[2012-03-15 09:48:24] request.ERROR: Symfony\Component\HttpKernel\Exception\NotFoundHttpException: No route found for "GET /bundles/sonataadmin/jquery/jquery.form.js" (uncaught exception) at C:\xampp\htdocs\ksiazki\symfo2\przyklady\cz-9\42-01\symfony2-customized-v5\app\cache\prod\classes.php line 4564 [] []
[2012-03-15 09:48:24] security.INFO: Populated SecurityContext with an anonymous Token [] []
[2012-03-15 09:48:24] request.ERROR: Symfony\Component\HttpKernel\Exception\NotFoundHttpException: No route found for "GET /bundles/sonataadmin/base.js" (uncaught exception) at C:\xampp\htdocs\ksiazki\symfo2\przyklady\cz-9\42-01\symfony2-customized-v5\app\cache\prod\classes.php line 4564 [] []
[2012-03-15 09:48:25] security.INFO: Populated SecurityContext with an anonymous Token [] []
[2012-03-15 09:48:25] request.ERROR: Symfony\Component\HttpKernel\Exception\NotFoundHttpException: No route found for "GET /bundles/sonatajquery/jquery-ui-1.8.17.js" (uncaught exception) at C:\xampp\htdocs\ksiazki\symfo2\przyklady\cz-9\42-01\symfony2-customized-v5\app\cache\prod\classes.php line 4564 [] []
[2012-03-15 09:48:25] security.INFO: Populated SecurityContext with an anonymous Token [] []
[2012-03-15 09:48:25] request.ERROR: Symfony\Component\HttpKernel\Exception\NotFoundHttpException: No route found for "GET /bundles/sonataadmin/logo_title.png" (uncaught exception) at C:\xampp\htdocs\ksiazki\symfo2\przyklady\cz-9\42-01\symfony2-customized-v5\app\cache\prod\classes.php line 4564 [] []
[2012-03-15 09:48:26] security.INFO: Populated SecurityContext with an anonymous Token [] []
[2012-03-15 09:48:26] request.ERROR: Symfony\Component\HttpKernel\Exception\NotFoundHttpException: No route found for "GET /bundles/sonatajquery/jquery-ui-i18n.js" (uncaught exception) at C:\xampp\htdocs\ksiazki\symfo2\przyklady\cz-9\42-01\symfony2-customized-v5\app\cache\prod\classes.php line 4564 [] []
[2012-03-15 09:48:26] security.INFO: Populated SecurityContext with an anonymous Token [] []
[2012-03-15 09:48:26] request.ERROR: Symfony\Component\HttpKernel\Exception\NotFoundHttpException: No route found for "GET /bundles/sonataadmin/bootstrap/js/bootstrap-tabs.js" (uncaught exception) at C:\xampp\htdocs\ksiazki\symfo2\przyklady\cz-9\42-01\symfony2-customized-v5\app\cache\prod\classes.php line 4564 [] []
[2012-03-15 09:48:28] security.INFO: Populated SecurityContext with an anonymous Token [] []
[2012-03-15 09:48:28] request.ERROR: Symfony\Component\HttpKernel\Exception\NotFoundHttpException: No route found for "GET /bundles/sonataadmin/bootstrap/js/bootstrap-alerts.js" (uncaught exception) at C:\xampp\htdocs\ksiazki\symfo2\przyklady\cz-9\42-01\symfony2-customized-v5\app\cache\prod\classes.php line 4564 [] []
[2012-03-15 09:48:28] security.INFO: Populated SecurityContext with an anonymous Token [] []
[2012-03-15 09:48:28] request.ERROR: Symfony\Component\HttpKernel\Exception\NotFoundHttpException: No route found for "GET /bundles/sonataadmin/bootstrap/js/bootstrap-modal.js" (uncaught exception) at C:\xampp\htdocs\ksiazki\symfo2\przyklady\cz-9\42-01\symfony2-customized-v5\app\cache\prod\classes.php line 4564 [] []
[2012-03-15 09:48:29] security.INFO: Populated SecurityContext with an anonymous Token [] []
[2012-03-15 09:48:29] request.ERROR: Symfony\Component\HttpKernel\Exception\NotFoundHttpException: No route found for "GET /bundles/sonataadmin/bootstrap/js/bootstrap-twipsy.js" (uncaught exception) at C:\xampp\htdocs\ksiazki\symfo2\przyklady\cz-9\42-01\symfony2-customized-v5\app\cache\prod\classes.php line 4564 [] []
[2012-03-15 09:48:30] security.INFO: Populated SecurityContext with an anonymous Token [] []
[2012-03-15 09:48:30] request.ERROR: Symfony\Component\HttpKernel\Exception\NotFoundHttpException: No route found for "GET /bundles/sonataadmin/bootstrap/js/bootstrap-popover.js" (uncaught exception) at C:\xampp\htdocs\ksiazki\symfo2\przyklady\cz-9\42-01\symfony2-customized-v5\app\cache\prod\classes.php line 4564 [] []
[2012-03-15 09:48:31] security.INFO: Populated SecurityContext with an anonymous Token [] []
[2012-03-15 09:48:31] request.ERROR: Symfony\Component\HttpKernel\Exception\NotFoundHttpException: No route found for "GET /bundles/sonataadmin/bootstrap/js/bootstrap-scrollspy.js" (uncaught exception) at C:\xampp\htdocs\ksiazki\symfo2\przyklady\cz-9\42-01\symfony2-customized-v5\app\cache\prod\classes.php line 4564 [] []
[2012-03-15 09:48:32] security.INFO: Populated SecurityContext with an anonymous Token [] []
[2012-03-15 09:48:32] request.ERROR: Symfony\Component\HttpKernel\Exception\NotFoundHttpException: No route found for "GET /bundles/sonataadmin/bootstrap/js/bootstrap-dropdown.js" (uncaught exception) at C:\xampp\htdocs\ksiazki\symfo2\przyklady\cz-9\42-01\symfony2-customized-v5\app\cache\prod\classes.php line 4564 [] []
[2012-03-15 09:48:33] security.INFO: Populated SecurityContext with an anonymous Token [] []
[2012-03-15 09:48:33] request.ERROR: Symfony\Component\HttpKernel\Exception\NotFoundHttpException: No route found for "GET /bundles/sonataadmin/qtip/jquery.qtip-1.0.0-rc3.min.js" (uncaught exception) at C:\xampp\htdocs\ksiazki\symfo2\przyklady\cz-9\42-01\symfony2-customized-v5\app\cache\prod\classes.php line 4564 [] []
[2012-03-15 09:48:33] security.INFO: Populated SecurityContext with an anonymous Token [] []
[2012-03-15 09:48:33] request.ERROR: Symfony\Component\HttpKernel\Exception\NotFoundHttpException: No route found for "GET /bundles/sonataadmin/jquery/jquery.form.js" (uncaught exception) at C:\xampp\htdocs\ksiazki\symfo2\przyklady\cz-9\42-01\symfony2-customized-v5\app\cache\prod\classes.php line 4564 [] []
[2012-03-15 09:48:35] security.INFO: Populated SecurityContext with an anonymous Token [] []
[2012-03-15 09:48:35] request.ERROR: Symfony\Component\HttpKernel\Exception\NotFoundHttpException: No route found for "GET /bundles/sonataadmin/base.js" (uncaught exception) at C:\xampp\htdocs\ksiazki\symfo2\przyklady\cz-9\42-01\symfony2-customized-v5\app\cache\prod\classes.php line 4564 [] []
[2012-03-15 09:48:35] security.INFO: Populated SecurityContext with an anonymous Token [] []
[2012-03-15 09:48:35] request.ERROR: Symfony\Component\HttpKernel\Exception\NotFoundHttpException: No route found for "GET /bundles/sonataadmin/logo_title.png" (uncaught exception) at C:\xampp\htdocs\ksiazki\symfo2\przyklady\cz-9\42-01\symfony2-customized-v5\app\cache\prod\classes.php line 4564 [] []
[2012-03-15 09:53:14] security.INFO: Populated SecurityContext with an anonymous Token [] []
[2012-03-15 09:53:15] request.ERROR: Symfony\Component\HttpKernel\Exception\NotFoundHttpException: No route found for "GET /bundles/sonataadmin/bootstrap/bootstrap.min.css" (uncaught exception) at C:\xampp\htdocs\ksiazki\symfo2\przyklady\cz-9\42-01\symfony2-customized-v5\vendor\symfony\src\Symfony\Bundle\FrameworkBundle\EventListener\RouterListener.php line 83 [] []
[2012-03-15 09:53:15] security.INFO: Populated SecurityContext with an anonymous Token [] []
[2012-03-15 09:53:15] request.ERROR: Symfony\Component\HttpKernel\Exception\NotFoundHttpException: No route found for "GET /bundles/sonatajquery/themes/flick/jquery-ui-1.8.16.custom.css" (uncaught exception) at C:\xampp\htdocs\ksiazki\symfo2\przyklady\cz-9\42-01\symfony2-customized-v5\vendor\symfony\src\Symfony\Bundle\FrameworkBundle\EventListener\RouterListener.php line 83 [] []
[2012-03-15 09:53:16] security.INFO: Populated SecurityContext with an anonymous Token [] []
[2012-03-15 09:53:16] request.ERROR: Symfony\Component\HttpKernel\Exception\NotFoundHttpException: No route found for "GET /bundles/sonatajquery/jquery-1.7.1.js" (uncaught exception) at C:\xampp\htdocs\ksiazki\symfo2\przyklady\cz-9\42-01\symfony2-customized-v5\vendor\symfony\src\Symfony\Bundle\FrameworkBundle\EventListener\RouterListener.php line 83 [] []
[2012-03-15 09:53:16] security.INFO: Populated SecurityContext with an anonymous Token [] []
[2012-03-15 09:53:16] request.ERROR: Symfony\Component\HttpKernel\Exception\NotFoundHttpException: No route found for "GET /bundles/sonatajquery/jquery-ui-1.8.17.js" (uncaught exception) at C:\xampp\htdocs\ksiazki\symfo2\przyklady\cz-9\42-01\symfony2-customized-v5\vendor\symfony\src\Symfony\Bundle\FrameworkBundle\EventListener\RouterListener.php line 83 [] []
[2012-03-15 09:53:24] security.INFO: Populated SecurityContext with an anonymous Token [] []
[2012-03-15 09:53:24] request.ERROR: Symfony\Component\HttpKernel\Exception\NotFoundHttpException: No route found for "GET /bundles/sonatajquery/jquery-ui-i18n.js" (uncaught exception) at C:\xampp\htdocs\ksiazki\symfo2\przyklady\cz-9\42-01\symfony2-customized-v5\vendor\symfony\src\Symfony\Bundle\FrameworkBundle\EventListener\RouterListener.php line 83 [] []
[2012-03-15 09:53:25] security.INFO: Populated SecurityContext with an anonymous Token [] []
[2012-03-15 09:53:25] request.ERROR: Symfony\Component\HttpKernel\Exception\NotFoundHttpException: No route found for "GET /bundles/sonataadmin/bootstrap/js/bootstrap-modal.js" (uncaught exception) at C:\xampp\htdocs\ksiazki\symfo2\przyklady\cz-9\42-01\symfony2-customized-v5\app\cache\prod\classes.php line 4564 [] []
[2012-03-15 09:53:26] security.INFO: Populated SecurityContext with an anonymous Token [] []
[2012-03-15 09:53:26] request.ERROR: Symfony\Component\HttpKernel\Exception\NotFoundHttpException: No route found for "GET /bundles/sonataadmin/bootstrap/js/bootstrap-alerts.js" (uncaught exception) at C:\xampp\htdocs\ksiazki\symfo2\przyklady\cz-9\42-01\symfony2-customized-v5\vendor\symfony\src\Symfony\Bundle\FrameworkBundle\EventListener\RouterListener.php line 83 [] []
[2012-03-15 09:53:26] security.INFO: Populated SecurityContext with an anonymous Token [] []
[2012-03-15 09:53:26] request.ERROR: Symfony\Component\HttpKernel\Exception\NotFoundHttpException: No route found for "GET /bundles/sonataadmin/bootstrap/js/bootstrap-tabs.js" (uncaught exception) at C:\xampp\htdocs\ksiazki\symfo2\przyklady\cz-9\42-01\symfony2-customized-v5\vendor\symfony\src\Symfony\Bundle\FrameworkBundle\EventListener\RouterListener.php line 83 [] []
[2012-03-15 09:53:28] security.INFO: Populated SecurityContext with an anonymous Token [] []
[2012-03-15 09:53:28] request.ERROR: Symfony\Component\HttpKernel\Exception\NotFoundHttpException: No route found for "GET /bundles/sonataadmin/bootstrap/js/bootstrap-twipsy.js" (uncaught exception) at C:\xampp\htdocs\ksiazki\symfo2\przyklady\cz-9\42-01\symfony2-customized-v5\app\cache\prod\classes.php line 4564 [] []
[2012-03-15 09:53:29] security.INFO: Populated SecurityContext with an anonymous Token [] []
[2012-03-15 09:53:29] request.ERROR: Symfony\Component\HttpKernel\Exception\NotFoundHttpException: No route found for "GET /bundles/sonataadmin/jquery/jquery.form.js" (uncaught exception) at C:\xampp\htdocs\ksiazki\symfo2\przyklady\cz-9\42-01\symfony2-customized-v5\app\cache\prod\classes.php line 4564 [] []
[2012-03-15 09:53:30] security.INFO: Populated SecurityContext with an anonymous Token [] []
[2012-03-15 09:53:31] request.ERROR: Symfony\Component\HttpKernel\Exception\NotFoundHttpException: No route found for "GET /bundles/sonataadmin/bootstrap/js/bootstrap-popover.js" (uncaught exception) at C:\xampp\htdocs\ksiazki\symfo2\przyklady\cz-9\42-01\symfony2-customized-v5\app\cache\prod\classes.php line 4564 [] []
[2012-03-15 09:53:31] security.INFO: Populated SecurityContext with an anonymous Token [] []
[2012-03-15 09:53:31] request.ERROR: Symfony\Component\HttpKernel\Exception\NotFoundHttpException: No route found for "GET /bundles/sonataadmin/bootstrap/js/bootstrap-dropdown.js" (uncaught exception) at C:\xampp\htdocs\ksiazki\symfo2\przyklady\cz-9\42-01\symfony2-customized-v5\app\cache\prod\classes.php line 4564 [] []
[2012-03-15 09:53:32] security.INFO: Populated SecurityContext with an anonymous Token [] []
[2012-03-15 09:53:32] request.ERROR: Symfony\Component\HttpKernel\Exception\NotFoundHttpException: No route found for "GET /bundles/sonataadmin/base.js" (uncaught exception) at C:\xampp\htdocs\ksiazki\symfo2\przyklady\cz-9\42-01\symfony2-customized-v5\app\cache\prod\classes.php line 4564 [] []
[2012-03-15 09:53:32] security.INFO: Populated SecurityContext with an anonymous Token [] []
[2012-03-15 09:53:32] request.ERROR: Symfony\Component\HttpKernel\Exception\NotFoundHttpException: No route found for "GET /bundles/sonataadmin/qtip/jquery.qtip-1.0.0-rc3.min.js" (uncaught exception) at C:\xampp\htdocs\ksiazki\symfo2\przyklady\cz-9\42-01\symfony2-customized-v5\app\cache\prod\classes.php line 4564 [] []
[2012-03-15 09:53:35] security.INFO: Populated SecurityContext with an anonymous Token [] []
[2012-03-15 09:53:35] request.ERROR: Symfony\Component\HttpKernel\Exception\NotFoundHttpException: No route found for "GET /bundles/sonataadmin/bootstrap/js/bootstrap-scrollspy.js" (uncaught exception) at C:\xampp\htdocs\ksiazki\symfo2\przyklady\cz-9\42-01\symfony2-customized-v5\app\cache\prod\classes.php line 4564 [] []
[2012-03-15 09:53:37] security.INFO: Populated SecurityContext with an anonymous Token [] []
[2012-03-15 09:53:37] request.ERROR: Symfony\Component\HttpKernel\Exception\NotFoundHttpException: No route found for "GET /bundles/sonataadmin/bootstrap/js/bootstrap-alerts.js" (uncaught exception) at C:\xampp\htdocs\ksiazki\symfo2\przyklady\cz-9\42-01\symfony2-customized-v5\app\cache\prod\classes.php line 4564 [] []
[2012-03-15 09:53:38] security.INFO: Populated SecurityContext with an anonymous Token [] []
[2012-03-15 09:53:38] request.ERROR: Symfony\Component\HttpKernel\Exception\NotFoundHttpException: No route found for "GET /bundles/sonataadmin/logo_title.png" (uncaught exception) at C:\xampp\htdocs\ksiazki\symfo2\przyklady\cz-9\42-01\symfony2-customized-v5\app\cache\prod\classes.php line 4564 [] []
[2012-03-15 09:53:40] security.INFO: Populated SecurityContext with an anonymous Token [] []
[2012-03-15 09:53:40] request.ERROR: Symfony\Component\HttpKernel\Exception\NotFoundHttpException: No route found for "GET /bundles/sonataadmin/bootstrap/js/bootstrap-modal.js" (uncaught exception) at C:\xampp\htdocs\ksiazki\symfo2\przyklady\cz-9\42-01\symfony2-customized-v5\app\cache\prod\classes.php line 4564 [] []
[2012-03-15 09:53:42] security.INFO: Populated SecurityContext with an anonymous Token [] []
[2012-03-15 09:53:42] request.ERROR: Symfony\Component\HttpKernel\Exception\NotFoundHttpException: No route found for "GET /bundles/sonataadmin/bootstrap/js/bootstrap-twipsy.js" (uncaught exception) at C:\xampp\htdocs\ksiazki\symfo2\przyklady\cz-9\42-01\symfony2-customized-v5\app\cache\prod\classes.php line 4564 [] []
[2012-03-15 09:53:43] security.INFO: Populated SecurityContext with an anonymous Token [] []
[2012-03-15 09:53:43] request.ERROR: Symfony\Component\HttpKernel\Exception\NotFoundHttpException: No route found for "GET /bundles/sonataadmin/css/colors.css" (uncaught exception) at C:\xampp\htdocs\ksiazki\symfo2\przyklady\cz-9\42-01\symfony2-customized-v5\vendor\symfony\src\Symfony\Bundle\FrameworkBundle\EventListener\RouterListener.php line 83 [] []
[2012-03-15 09:53:43] security.INFO: Populated SecurityContext with an anonymous Token [] []
[2012-03-15 09:53:43] request.ERROR: Symfony\Component\HttpKernel\Exception\NotFoundHttpException: No route found for "GET /bundles/sonataadmin/css/layout.css" (uncaught exception) at C:\xampp\htdocs\ksiazki\symfo2\przyklady\cz-9\42-01\symfony2-customized-v5\vendor\symfony\src\Symfony\Bundle\FrameworkBundle\EventListener\RouterListener.php line 83 [] []
[2012-03-15 09:53:44] security.INFO: Populated SecurityContext with an anonymous Token [] []
[2012-03-15 09:53:44] request.ERROR: Symfony\Component\HttpKernel\Exception\NotFoundHttpException: No route found for "GET /bundles/sonataadmin/bootstrap/js/bootstrap-popover.js" (uncaught exception) at C:\xampp\htdocs\ksiazki\symfo2\przyklady\cz-9\42-01\symfony2-customized-v5\app\cache\prod\classes.php line 4564 [] []
[2012-03-15 09:53:44] security.INFO: Populated SecurityContext with an anonymous Token [] []
[2012-03-15 09:53:44] request.ERROR: Symfony\Component\HttpKernel\Exception\NotFoundHttpException: No route found for "GET /bundles/sonataadmin/bootstrap/js/bootstrap-scrollspy.js" (uncaught exception) at C:\xampp\htdocs\ksiazki\symfo2\przyklady\cz-9\42-01\symfony2-customized-v5\app\cache\prod\classes.php line 4564 [] []
[2012-03-15 09:53:46] security.INFO: Populated SecurityContext with an anonymous Token [] []
[2012-03-15 09:53:46] request.ERROR: Symfony\Component\HttpKernel\Exception\NotFoundHttpException: No route found for "GET /bundles/sonataadmin/bootstrap/js/bootstrap-dropdown.js" (uncaught exception) at C:\xampp\htdocs\ksiazki\symfo2\przyklady\cz-9\42-01\symfony2-customized-v5\app\cache\prod\classes.php line 4564 [] []
[2012-03-15 09:53:46] security.INFO: Populated SecurityContext with an anonymous Token [] []
[2012-03-15 09:53:46] request.ERROR: Symfony\Component\HttpKernel\Exception\NotFoundHttpException: No route found for "GET /bundles/sonataadmin/qtip/jquery.qtip-1.0.0-rc3.min.js" (uncaught exception) at C:\xampp\htdocs\ksiazki\symfo2\przyklady\cz-9\42-01\symfony2-customized-v5\app\cache\prod\classes.php line 4564 [] []
[2012-03-15 09:53:48] security.INFO: Populated SecurityContext with an anonymous Token [] []
[2012-03-15 09:53:48] request.ERROR: Symfony\Component\HttpKernel\Exception\NotFoundHttpException: No route found for "GET /bundles/sonataadmin/jquery/jquery.form.js" (uncaught exception) at C:\xampp\htdocs\ksiazki\symfo2\przyklady\cz-9\42-01\symfony2-customized-v5\app\cache\prod\classes.php line 4564 [] []
[2012-03-15 09:53:48] security.INFO: Populated SecurityContext with an anonymous Token [] []
[2012-03-15 09:53:48] request.ERROR: Symfony\Component\HttpKernel\Exception\NotFoundHttpException: No route found for "GET /bundles/sonataadmin/base.js" (uncaught exception) at C:\xampp\htdocs\ksiazki\symfo2\przyklady\cz-9\42-01\symfony2-customized-v5\app\cache\prod\classes.php line 4564 [] []
[2012-03-15 09:53:49] security.INFO: Populated SecurityContext with an anonymous Token [] []
[2012-03-15 09:53:49] request.ERROR: Symfony\Component\HttpKernel\Exception\NotFoundHttpException: No route found for "GET /bundles/sonataadmin/logo_title.png" (uncaught exception) at C:\xampp\htdocs\ksiazki\symfo2\przyklady\cz-9\42-01\symfony2-customized-v5\app\cache\prod\classes.php line 4564 [] []
[2012-05-05 10:25:05] security.INFO: Populated SecurityContext with an anonymous Token [] []
[2012-05-05 10:25:05] request.ERROR: Symfony\Component\HttpKernel\Exception\NotFoundHttpException: No route found for "GET /dashboard" (uncaught exception) at C:\xampp\htdocs\ksiazki\symfo2\przyklady\cz-9\gen-1\42-01\symfony2-customized-v5\app\cache\prod\classes.php line 4564 [] []
